Arguments: 
  /Users/hxy/.nvm/versions/node/v6.9.2/bin/node /Users/hxy/.nvm/versions/node/v6.9.2/bin/yarn add debounce

PATH: 
  /Users/hxy/.nvm/versions/node/v6.9.2/bin:/usr/local/bin:/usr/bin:/bin:/usr/sbin:/sbin

Yarn version: 
  0.24.5

Node version: 
  6.9.2

Platform: 
  darwin x64

npm manifest: 
  {
    "name": "js-learn",
    "version": "1.0.0",
    "description": "js learn",
    "main": "overide.js",
    "scripts": {
      "test": "echo \"Error: no test specified\" && exit 1"
    },
    "author": "",
    "license": "ISC"
  }

yarn manifest: 
  No manifest

Lockfile: 
  No lockfile

Trace: 
  Error: getaddrinfo ENOTFOUND r.npm.sankuai.com r.npm.sankuai.com:80
      at errnoException (dns.js:28:10)
      at GetAddrInfoReqWrap.onlookup [as oncomplete] (dns.js:76:26)
